cl : command line  warning D9035: option 'Gm' has been deprecated and will be removed in a future release
  q_shared.c
  p_weapon.c
C:\Users\Jiapb\OneDrive\Documents\Code\IT266\git\GameModQuake2\JB-quake2-full\q_shared.c(857,3): warning C4996: 'strncpy': This function or variable may be unsafe. Consider using strncpy_s instead. To disable deprecation, use _CRT_SECURE_NO_WARNINGS. See online help for details.
C:\Users\Jiapb\OneDrive\Documents\Code\IT266\git\GameModQuake2\JB-quake2-full\q_shared.c(878,2): warning C4996: 'strncpy': This function or variable may be unsafe. Consider using strncpy_s instead. To disable deprecation, use _CRT_SECURE_NO_WARNINGS. See online help for details.
C:\Users\Jiapb\OneDrive\Documents\Code\IT266\git\GameModQuake2\JB-quake2-full\q_shared.c(904,2): warning C4996: 'strcat': This function or variable may be unsafe. Consider using strcat_s instead. To disable deprecation, use _CRT_SECURE_NO_WARNINGS. See online help for details.
C:\Users\Jiapb\OneDrive\Documents\Code\IT266\git\GameModQuake2\JB-quake2-full\q_shared.c(1037,2): warning C4996: 'vsprintf': This function or variable may be unsafe. Consider using vsprintf_s instead. To disable deprecation, use _CRT_SECURE_NO_WARNINGS. See online help for details.
C:\Users\Jiapb\OneDrive\Documents\Code\IT266\git\GameModQuake2\JB-quake2-full\q_shared.c(1211,8): warning C4996: 'vsprintf': This function or variable may be unsafe. Consider using vsprintf_s instead. To disable deprecation, use _CRT_SECURE_NO_WARNINGS. See online help for details.
C:\Users\Jiapb\OneDrive\Documents\Code\IT266\git\GameModQuake2\JB-quake2-full\q_shared.c(1215,2): warning C4996: 'strncpy': This function or variable may be unsafe. Consider using strncpy_s instead. To disable deprecation, use _CRT_SECURE_NO_WARNINGS. See online help for details.
C:\Users\Jiapb\OneDrive\Documents\Code\IT266\git\GameModQuake2\JB-quake2-full\q_shared.c(1315,4): warning C4996: 'strcpy': This function or variable may be unsafe. Consider using strcpy_s instead. To disable deprecation, use _CRT_SECURE_NO_WARNINGS. See online help for details.
  p_view.c
  p_trail.c
  p_hud.c
C:\Users\Jiapb\OneDrive\Documents\Code\IT266\git\GameModQuake2\JB-quake2-full\p_hud.c(215,4): warning C4996: 'strcpy': This function or variable may be unsafe. Consider using strcpy_s instead. To disable deprecation, use _CRT_SECURE_NO_WARNINGS. See online help for details.
C:\Users\Jiapb\OneDrive\Documents\Code\IT266\git\GameModQuake2\JB-quake2-full\p_hud.c(226,3): warning C4996: 'strcpy': This function or variable may be unsafe. Consider using strcpy_s instead. To disable deprecation, use _CRT_SECURE_NO_WARNINGS. See online help for details.
  p_client.c
C:\Users\Jiapb\OneDrive\Documents\Code\IT266\git\GameModQuake2\JB-quake2-full\p_client.c(1360,3): warning C4996: 'strcpy': This function or variable may be unsafe. Consider using strcpy_s instead. To disable deprecation, use _CRT_SECURE_NO_WARNINGS. See online help for details.
C:\Users\Jiapb\OneDrive\Documents\Code\IT266\git\GameModQuake2\JB-quake2-full\p_client.c(1365,2): warning C4996: 'strncpy': This function or variable may be unsafe. Consider using strncpy_s instead. To disable deprecation, use _CRT_SECURE_NO_WARNINGS. See online help for details.
C:\Users\Jiapb\OneDrive\Documents\Code\IT266\git\GameModQuake2\JB-quake2-full\p_client.c(1405,2): warning C4996: 'strncpy': This function or variable may be unsafe. Consider using strncpy_s instead. To disable deprecation, use _CRT_SECURE_NO_WARNINGS. See online help for details.
  m_tank.c
  m_supertank.c
  m_soldier.c
  m_parasite.c
  m_mutant.c
  m_move.c
  m_medic.c
  m_insane.c
  m_infantry.c
  m_hover.c
  m_gunner.c
  m_gladiator.c
  m_flyer.c
  m_float.c
  Generating Code...
  Compiling...
  m_flipper.c
  m_flash.c
  m_chick.c
  m_brain.c
  m_boss32.c
  m_boss31.c
  m_boss3.c
  m_boss2.c
  m_berserk.c
  m_actor.c
  g_weapon.c
  g_utils.c
C:\Users\Jiapb\OneDrive\Documents\Code\IT266\git\GameModQuake2\JB-quake2-full\g_utils.c(377,2): warning C4996: 'strcpy': This function or variable may be unsafe. Consider using strcpy_s instead. To disable deprecation, use _CRT_SECURE_NO_WARNINGS. See online help for details.
  g_turret.c
  g_trigger.c
  g_target.c
C:\Users\Jiapb\OneDrive\Documents\Code\IT266\git\GameModQuake2\JB-quake2-full\g_target.c(74,3): warning C4996: 'strncpy': This function or variable may be unsafe. Consider using strncpy_s instead. To disable deprecation, use _CRT_SECURE_NO_WARNINGS. See online help for details.
C:\Users\Jiapb\OneDrive\Documents\Code\IT266\git\GameModQuake2\JB-quake2-full\g_target.c(102,3): warning C4996: 'strncpy': This function or variable may be unsafe. Consider using strncpy_s instead. To disable deprecation, use _CRT_SECURE_NO_WARNINGS. See online help for details.
C:\Users\Jiapb\OneDrive\Documents\Code\IT266\git\GameModQuake2\JB-quake2-full\g_target.c(104,3): warning C4996: 'strncpy': This function or variable may be unsafe. Consider using strncpy_s instead. To disable deprecation, use _CRT_SECURE_NO_WARNINGS. See online help for details.
  g_svcmds.c
C:\Users\Jiapb\OneDrive\Documents\Code\IT266\git\GameModQuake2\JB-quake2-full\g_svcmds.c(230,3): warning C4996: 'sprintf': This function or variable may be unsafe. Consider using sprintf_s instead. To disable deprecation, use _CRT_SECURE_NO_WARNINGS. See online help for details.
C:\Users\Jiapb\OneDrive\Documents\Code\IT266\git\GameModQuake2\JB-quake2-full\g_svcmds.c(232,3): warning C4996: 'sprintf': This function or variable may be unsafe. Consider using sprintf_s instead. To disable deprecation, use _CRT_SECURE_NO_WARNINGS. See online help for details.
C:\Users\Jiapb\OneDrive\Documents\Code\IT266\git\GameModQuake2\JB-quake2-full\g_svcmds.c(236,6): warning C4996: 'fopen': This function or variable may be unsafe. Consider using fopen_s instead. To disable deprecation, use _CRT_SECURE_NO_WARNINGS. See online help for details.
  g_spawn.c
C:\Users\Jiapb\OneDrive\Documents\Code\IT266\git\GameModQuake2\JB-quake2-full\g_spawn.c(361,5): warning C4996: 'sscanf': This function or variable may be unsafe. Consider using sscanf_s instead. To disable deprecation, use _CRT_SECURE_NO_WARNINGS. See online help for details.
C:\Users\Jiapb\OneDrive\Documents\Code\IT266\git\GameModQuake2\JB-quake2-full\g_spawn.c(414,3): warning C4996: 'strncpy': This function or variable may be unsafe. Consider using strncpy_s instead. To disable deprecation, use _CRT_SECURE_NO_WARNINGS. See online help for details.
C:\Users\Jiapb\OneDrive\Documents\Code\IT266\git\GameModQuake2\JB-quake2-full\g_spawn.c(524,2): warning C4996: 'strncpy': This function or variable may be unsafe. Consider using strncpy_s instead. To disable deprecation, use _CRT_SECURE_NO_WARNINGS. See online help for details.
C:\Users\Jiapb\OneDrive\Documents\Code\IT266\git\GameModQuake2\JB-quake2-full\g_spawn.c(525,2): warning C4996: 'strncpy': This function or variable may be unsafe. Consider using strncpy_s instead. To disable deprecation, use _CRT_SECURE_NO_WARNINGS. See online help for details.
C:\Users\Jiapb\OneDrive\Documents\Code\IT266\git\GameModQuake2\JB-quake2-full\g_spawn.c(793,3): warning C4996: 'strcpy': This function or variable may be unsafe. Consider using strcpy_s instead. To disable deprecation, use _CRT_SECURE_NO_WARNINGS. See online help for details.
C:\Users\Jiapb\OneDrive\Documents\Code\IT266\git\GameModQuake2\JB-quake2-full\g_spawn.c(800,3): warning C4996: 'strncpy': This function or variable may be unsafe. Consider using strncpy_s instead. To disable deprecation, use _CRT_SECURE_NO_WARNINGS. See online help for details.
C:\Users\Jiapb\OneDrive\Documents\Code\IT266\git\GameModQuake2\JB-quake2-full\g_spawn.c(803,3): warning C4996: 'strncpy': This function or variable may be unsafe. Consider using strncpy_s instead. To disable deprecation, use _CRT_SECURE_NO_WARNINGS. See online help for details.
  g_save.c
C:\Users\Jiapb\OneDrive\Documents\Code\IT266\git\GameModQuake2\JB-quake2-full\g_save.c(451,6): warning C4996: 'fopen': This function or variable may be unsafe. Consider using fopen_s instead. To disable deprecation, use _CRT_SECURE_NO_WARNINGS. See online help for details.
C:\Users\Jiapb\OneDrive\Documents\Code\IT266\git\GameModQuake2\JB-quake2-full\g_save.c(456,2): warning C4996: 'strcpy': This function or variable may be unsafe. Consider using strcpy_s instead. To disable deprecation, use _CRT_SECURE_NO_WARNINGS. See online help for details.
C:\Users\Jiapb\OneDrive\Documents\Code\IT266\git\GameModQuake2\JB-quake2-full\g_save.c(477,6): warning C4996: 'fopen': This function or variable may be unsafe. Consider using fopen_s instead. To disable deprecation, use _CRT_SECURE_NO_WARNINGS. See online help for details.
C:\Users\Jiapb\OneDrive\Documents\Code\IT266\git\GameModQuake2\JB-quake2-full\g_save.c(617,6): warning C4996: 'fopen': This function or variable may be unsafe. Consider using fopen_s instead. To disable deprecation, use _CRT_SECURE_NO_WARNINGS. See online help for details.
C:\Users\Jiapb\OneDrive\Documents\Code\IT266\git\GameModQuake2\JB-quake2-full\g_save.c(672,6): warning C4996: 'fopen': This function or variable may be unsafe. Consider using fopen_s instead. To disable deprecation, use _CRT_SECURE_NO_WARNINGS. See online help for details.
  g_phys.c
  g_monster.c
  Generating Code...
  Compiling...
  g_misc.c
C:\Users\Jiapb\OneDrive\Documents\Code\IT266\git\GameModQuake2\JB-quake2-full\g_misc.c(1681,11): warning C4996: 'localtime': This function or variable may be unsafe. Consider using localtime_s instead. To disable deprecation, use _CRT_SECURE_NO_WARNINGS. See online help for details.
  g_main.c
C:\Users\Jiapb\OneDrive\Documents\Code\IT266\git\GameModQuake2\JB-quake2-full\g_main.c(130,2): warning C4996: 'vsprintf': This function or variable may be unsafe. Consider using vsprintf_s instead. To disable deprecation, use _CRT_SECURE_NO_WARNINGS. See online help for details.
C:\Users\Jiapb\OneDrive\Documents\Code\IT266\git\GameModQuake2\JB-quake2-full\g_main.c(142,2): warning C4996: 'vsprintf': This function or variable may be unsafe. Consider using vsprintf_s instead. To disable deprecation, use _CRT_SECURE_NO_WARNINGS. See online help for details.
C:\Users\Jiapb\OneDrive\Documents\Code\IT266\git\GameModQuake2\JB-quake2-full\g_main.c(215,7): warning C4996: 'strdup': The POSIX name for this item is deprecated. Instead, use the ISO C and C++ conformant name: _strdup. See online help for details.
C:\Users\Jiapb\OneDrive\Documents\Code\IT266\git\GameModQuake2\JB-quake2-full\g_main.c(217,7): warning C4996: 'strtok': This function or variable may be unsafe. Consider using strtok_s instead. To disable deprecation, use _CRT_SECURE_NO_WARNINGS. See online help for details.
C:\Users\Jiapb\OneDrive\Documents\Code\IT266\git\GameModQuake2\JB-quake2-full\g_main.c(221,9): warning C4996: 'strtok': This function or variable may be unsafe. Consider using strtok_s instead. To disable deprecation, use _CRT_SECURE_NO_WARNINGS. See online help for details.
C:\Users\Jiapb\OneDrive\Documents\Code\IT266\git\GameModQuake2\JB-quake2-full\g_main.c(234,8): warning C4996: 'strtok': This function or variable may be unsafe. Consider using strtok_s instead. To disable deprecation, use _CRT_SECURE_NO_WARNINGS. See online help for details.
  g_items.c
  g_func.c
  g_combat.c
  g_cmds.c
C:\Users\Jiapb\OneDrive\Documents\Code\IT266\git\GameModQuake2\JB-quake2-full\g_cmds.c(15,2): warning C4996: 'strcpy': This function or variable may be unsafe. Consider using strcpy_s instead. To disable deprecation, use _CRT_SECURE_NO_WARNINGS. See online help for details.
C:\Users\Jiapb\OneDrive\Documents\Code\IT266\git\GameModQuake2\JB-quake2-full\g_cmds.c(38,2): warning C4996: 'strcpy': This function or variable may be unsafe. Consider using strcpy_s instead. To disable deprecation, use _CRT_SECURE_NO_WARNINGS. See online help for details.
C:\Users\Jiapb\OneDrive\Documents\Code\IT266\git\GameModQuake2\JB-quake2-full\g_cmds.c(39,2): warning C4996: 'strcpy': This function or variable may be unsafe. Consider using strcpy_s instead. To disable deprecation, use _CRT_SECURE_NO_WARNINGS. See online help for details.
C:\Users\Jiapb\OneDrive\Documents\Code\IT266\git\GameModQuake2\JB-quake2-full\g_cmds.c(703,4): warning C4996: 'strcat': This function or variable may be unsafe. Consider using strcat_s instead. To disable deprecation, use _CRT_SECURE_NO_WARNINGS. See online help for details.
C:\Users\Jiapb\OneDrive\Documents\Code\IT266\git\GameModQuake2\JB-quake2-full\g_cmds.c(706,3): warning C4996: 'strcat': This function or variable may be unsafe. Consider using strcat_s instead. To disable deprecation, use _CRT_SECURE_NO_WARNINGS. See online help for details.
C:\Users\Jiapb\OneDrive\Documents\Code\IT266\git\GameModQuake2\JB-quake2-full\g_cmds.c(789,3): warning C4996: 'strcat': This function or variable may be unsafe. Consider using strcat_s instead. To disable deprecation, use _CRT_SECURE_NO_WARNINGS. See online help for details.
C:\Users\Jiapb\OneDrive\Documents\Code\IT266\git\GameModQuake2\JB-quake2-full\g_cmds.c(790,3): warning C4996: 'strcat': This function or variable may be unsafe. Consider using strcat_s instead. To disable deprecation, use _CRT_SECURE_NO_WARNINGS. See online help for details.
C:\Users\Jiapb\OneDrive\Documents\Code\IT266\git\GameModQuake2\JB-quake2-full\g_cmds.c(791,3): warning C4996: 'strcat': This function or variable may be unsafe. Consider using strcat_s instead. To disable deprecation, use _CRT_SECURE_NO_WARNINGS. See online help for details.
C:\Users\Jiapb\OneDrive\Documents\Code\IT266\git\GameModQuake2\JB-quake2-full\g_cmds.c(802,3): warning C4996: 'strcat': This function or variable may be unsafe. Consider using strcat_s instead. To disable deprecation, use _CRT_SECURE_NO_WARNINGS. See online help for details.
C:\Users\Jiapb\OneDrive\Documents\Code\IT266\git\GameModQuake2\JB-quake2-full\g_cmds.c(809,2): warning C4996: 'strcat': This function or variable may be unsafe. Consider using strcat_s instead. To disable deprecation, use _CRT_SECURE_NO_WARNINGS. See online help for details.
C:\Users\Jiapb\OneDrive\Documents\Code\IT266\git\GameModQuake2\JB-quake2-full\g_cmds.c(874,4): warning C4996: 'sprintf': This function or variable may be unsafe. Consider using sprintf_s instead. To disable deprecation, use _CRT_SECURE_NO_WARNINGS. See online help for details.
C:\Users\Jiapb\OneDrive\Documents\Code\IT266\git\GameModQuake2\JB-quake2-full\g_cmds.c(878,3): warning C4996: 'strcat': This function or variable may be unsafe. Consider using strcat_s instead. To disable deprecation, use _CRT_SECURE_NO_WARNINGS. See online help for details.
  g_chase.c
  g_ai.c
  Generating Code...
C:\Program Files\Microsoft Visual Studio\2022\Community\MSBuild\Microsoft\VC\v170\Microsoft.CppBuild.targets(1392,5): warning MSB8012: TargetPath(C:\Users\Jiapb\OneDrive\Documents\Code\IT266\git\GameModQuake2\debug\game.dll) does not match the Linker's OutputFile property value (C:\Users\Jiapb\OneDrive\Documents\Code\IT266\git\GameModQuake2\debug\gamex86.dll). This may cause your project to build incorrectly. To correct this, please make sure that $(OutDir), $(TargetName) and $(TargetExt) property values match the value specified in %(Link.OutputFile).
C:\Program Files\Microsoft Visual Studio\2022\Community\MSBuild\Microsoft\VC\v170\Microsoft.CppBuild.targets(1394,5): warning MSB8012: TargetName(game) does not match the Linker's OutputFile property value (gamex86). This may cause your project to build incorrectly. To correct this, please make sure that $(OutDir), $(TargetName) and $(TargetExt) property values match the value specified in %(Link.OutputFile).
g_ai.obj : warning LNK4075: ignoring '/EDITANDCONTINUE' due to '/INCREMENTAL:NO' specification
     Creating library .\..\debug/gamex86.lib and object .\..\debug/gamex86.exp
  game.vcxproj -> C:\Users\Jiapb\OneDrive\Documents\Code\IT266\git\GameModQuake2\debug\game.dll
